# JRE version: Java(TM) SE Runtime Environment (8.0_211-b12) (build 1.8.0_211-b12)
# Java VM: Java HotSpot(TM) 64-Bit Server VM (25.211-b12 mixed mode windows-amd64 compressed oops)
Heap:
 PSYoungGen      total 165376K, used 109870K [0x00000000d5b80000, 0x00000000e3400000, 0x0000000100000000)
  eden space 152576K, 72% used [0x00000000d5b80000,0x00000000dc6cb890,0x00000000df080000)
  from space 12800K, 0% used [0x00000000e0080000,0x00000000e0080000,0x00000000e0d00000)
  to   space 16384K, 0% used [0x00000000df080000,0x00000000df080000,0x00000000e0080000)
 ParOldGen       total 98304K, used 20821K [0x0000000081200000, 0x0000000087200000, 0x00000000d5b80000)
  object space 98304K, 21% used [0x0000000081200000,0x0000000082655690,0x0000000087200000)
 Metaspace       used 40295K, capacity 42074K, committed 42368K, reserved 1085440K
  class space    used 5283K, capacity 5641K, committed 5760K, reserved 1048576K
GC Heap History (10 events):
Event: 1.945 GC heap before
{Heap before GC invocations=6 (full 1):
 PSYoungGen      total 71680K, used 5104K [0x00000000d5b80000, 0x00000000df080000, 0x0000000100000000)
  eden space 66560K, 0% used [0x00000000d5b80000,0x00000000d5b80000,0x00000000d9c80000)
  from space 5120K, 99% used [0x00000000d9c80000,0x00000000da17c010,0x00000000da180000)
  to   space 9728K, 0% used [0x00000000de700000,0x00000000de700000,0x00000000df080000)
 ParOldGen       total 87552K, used 5665K [0x0000000081200000, 0x0000000086780000, 0x00000000d5b80000)
  object space 87552K, 6% used [0x0000000081200000,0x00000000817885f8,0x0000000086780000)
 Metaspace       used 20629K, capacity 21176K, committed 21296K, reserved 1067008K
  class space    used 2701K, capacity 2856K, committed 2944K, reserved 1048576K
Event: 1.983 GC heap after
Heap after GC invocations=6 (full 1):
 PSYoungGen      total 71680K, used 0K [0x00000000d5b80000, 0x00000000df080000, 0x0000000100000000)
  eden space 66560K, 0% used [0x00000000d5b80000,0x00000000d5b80000,0x00000000d9c80000)
  from space 5120K, 0% used [0x00000000d9c80000,0x00000000d9c80000,0x00000000da180000)
  to   space 9728K, 0% used [0x00000000de700000,0x00000000de700000,0x00000000df080000)
 ParOldGen       total 59904K, used 9146K [0x0000000081200000, 0x0000000084c80000, 0x00000000d5b80000)
  object space 59904K, 15% used [0x0000000081200000,0x0000000081aee898,0x0000000084c80000)
 Metaspace       used 20629K, capacity 21176K, committed 21296K, reserved 1067008K
  class space    used 2701K, capacity 2856K, committed 2944K, reserved 1048576K
}
Event: 2.658 GC heap before
{Heap before GC invocations=7 (full 1):
 PSYoungGen      total 71680K, used 66552K [0x00000000d5b80000, 0x00000000df080000, 0x0000000100000000)
  eden space 66560K, 99% used [0x00000000d5b80000,0x00000000d9c7e070,0x00000000d9c80000)
  from space 5120K, 0% used [0x00000000d9c80000,0x00000000d9c80000,0x00000000da180000)
  to   space 9728K, 0% used [0x00000000de700000,0x00000000de700000,0x00000000df080000)
 ParOldGen       total 59904K, used 9146K [0x0000000081200000, 0x0000000084c80000, 0x00000000d5b80000)
  object space 59904K, 15% used [0x0000000081200000,0x0000000081aee898,0x0000000084c80000)
 Metaspace       used 23449K, capacity 24168K, committed 24320K, reserved 1071104K
  class space    used 3048K, capacity 3224K, committed 3328K, reserved 1048576K
Event: 2.665 GC heap after
Heap after GC invocations=7 (full 1):
 PSYoungGen      total 106496K, used 3296K [0x00000000d5b80000, 0x00000000dea80000, 0x0000000100000000)
  eden space 102912K, 0% used [0x00000000d5b80000,0x00000000d5b80000,0x00000000dc000000)
  from space 3584K, 91% used [0x00000000de700000,0x00000000dea382b8,0x00000000dea80000)
  to   space 9728K, 0% used [0x00000000dd780000,0x00000000dd780000,0x00000000de100000)
 ParOldGen       total 59904K, used 9218K [0x0000000081200000, 0x0000000084c80000, 0x00000000d5b80000)
  object space 59904K, 15% used [0x0000000081200000,0x0000000081b008a8,0x0000000084c80000)
 Metaspace       used 23449K, capacity 24168K, committed 24320K, reserved 1071104K
  class space    used 3048K, capacity 3224K, committed 3328K, reserved 1048576K
}
Event: 4.019 GC heap before
{Heap before GC invocations=8 (full 1):
 PSYoungGen      total 106496K, used 106208K [0x00000000d5b80000, 0x00000000dea80000, 0x0000000100000000)
  eden space 102912K, 100% used [0x00000000d5b80000,0x00000000dc000000,0x00000000dc000000)
  from space 3584K, 91% used [0x00000000de700000,0x00000000dea382b8,0x00000000dea80000)
  to   space 9728K, 0% used [0x00000000dd780000,0x00000000dd780000,0x00000000de100000)
 ParOldGen       total 59904K, used 9218K [0x0000000081200000, 0x0000000084c80000, 0x00000000d5b80000)
  object space 59904K, 15% used [0x0000000081200000,0x0000000081b008a8,0x0000000084c80000)
 Metaspace       used 27928K, capacity 29048K, committed 29312K, reserved 1075200K
  class space    used 3677K, capacity 3948K, committed 3968K, reserved 1048576K
Event: 4.039 GC heap after
Heap after GC invocations=8 (full 1):
 PSYoungGen      total 136704K, used 9699K [0x00000000d5b80000, 0x00000000e0d00000, 0x0000000100000000)
  eden space 126976K, 0% used [0x00000000d5b80000,0x00000000d5b80000,0x00000000dd780000)
  from space 9728K, 99% used [0x00000000dd780000,0x00000000de0f8d28,0x00000000de100000)
  to   space 12800K, 0% used [0x00000000e0080000,0x00000000e0080000,0x00000000e0d00000)
 ParOldGen       total 59904K, used 11670K [0x0000000081200000, 0x0000000084c80000, 0x00000000d5b80000)
  object space 59904K, 19% used [0x0000000081200000,0x0000000081d65a20,0x0000000084c80000)
 Metaspace       used 27928K, capacity 29048K, committed 29312K, reserved 1075200K
  class space    used 3677K, capacity 3948K, committed 3968K, reserved 1048576K
}
Event: 6.135 GC heap before
{Heap before GC invocations=9 (full 1):
 PSYoungGen      total 136704K, used 127319K [0x00000000d5b80000, 0x00000000e0d00000, 0x0000000100000000)
  eden space 126976K, 92% used [0x00000000d5b80000,0x00000000dce5d1d8,0x00000000dd780000)
  from space 9728K, 99% used [0x00000000dd780000,0x00000000de0f8d28,0x00000000de100000)
  to   space 12800K, 0% used [0x00000000e0080000,0x00000000e0080000,0x00000000e0d00000)
 ParOldGen       total 59904K, used 11670K [0x0000000081200000, 0x0000000084c80000, 0x00000000d5b80000)
  object space 59904K, 19% used [0x0000000081200000,0x0000000081d65a20,0x0000000084c80000)
 Metaspace       used 33807K, capacity 35416K, committed 35496K, reserved 1079296K
  class space    used 4439K, capacity 4788K, committed 4864K, reserved 1048576K
Event: 6.158 GC heap after
Heap after GC invocations=9 (full 1):
 PSYoungGen      total 165376K, used 12771K [0x00000000d5b80000, 0x00000000e3400000, 0x0000000100000000)
  eden space 152576K, 0% used [0x00000000d5b80000,0x00000000d5b80000,0x00000000df080000)
  from space 12800K, 99% used [0x00000000e0080000,0x00000000e0cf8ea8,0x00000000e0d00000)
  to   space 16384K, 0% used [0x00000000df080000,0x00000000df080000,0x00000000e0080000)
 ParOldGen       total 59904K, used 15627K [0x0000000081200000, 0x0000000084c80000, 0x00000000d5b80000)
  object space 59904K, 26% used [0x0000000081200000,0x0000000082142f30,0x0000000084c80000)
 Metaspace       used 33807K, capacity 35416K, committed 35496K, reserved 1079296K
  class space    used 4439K, capacity 4788K, committed 4864K, reserved 1048576K
}
Event: 6.159 GC heap before
{Heap before GC invocations=10 (full 2):
 PSYoungGen      total 165376K, used 12771K [0x00000000d5b80000, 0x00000000e3400000, 0x0000000100000000)
  eden space 152576K, 0% used [0x00000000d5b80000,0x00000000d5b80000,0x00000000df080000)
  from space 12800K, 99% used [0x00000000e0080000,0x00000000e0cf8ea8,0x00000000e0d00000)
  to   space 16384K, 0% used [0x00000000df080000,0x00000000df080000,0x00000000e0080000)
 ParOldGen       total 59904K, used 15627K [0x0000000081200000, 0x0000000084c80000, 0x00000000d5b80000)
  object space 59904K, 26% used [0x0000000081200000,0x0000000082142f30,0x0000000084c80000)
 Metaspace       used 33807K, capacity 35416K, committed 35496K, reserved 1079296K
  class space    used 4439K, capacity 4788K, committed 4864K, reserved 1048576K
Event: 6.258 GC heap after
Heap after GC invocations=10 (full 2):
 PSYoungGen      total 165376K, used 0K [0x00000000d5b80000, 0x00000000e3400000, 0x0000000100000000)
  eden space 152576K, 0% used [0x00000000d5b80000,0x00000000d5b80000,0x00000000df080000)
  from space 12800K, 0% used [0x00000000e0080000,0x00000000e0080000,0x00000000e0d00000)
  to   space 16384K, 0% used [0x00000000df080000,0x00000000df080000,0x00000000e0080000)
 ParOldGen       total 98304K, used 20821K [0x0000000081200000, 0x0000000087200000, 0x00000000d5b80000)
  object space 98304K, 21% used [0x0000000081200000,0x0000000082655690,0x0000000087200000)
 Metaspace       used 33807K, capacity 35416K, committed 35496K, reserved 1079296K
  class space    used 4439K, capacity 4788K, committed 4864K, reserved 1048576K
}

